<?xml version="1.0" encoding="UTF-8"?>
<!-- Generated by org.testng.reporters.JUnitReportReporter -->
<testsuite hostname="hp" failures="0" tests="1" name="testclasses.BaseTest" time="0.029" errors="0" timestamp="2023-10-19T13:46:27 IST" skipped="0">
  <testcase classname="testclasses.BaseTest" name="launchBrowser" time="0.029"/>
  <system-out/>
</testsuite> <!-- testclasses.BaseTest -->
