<?xml version="1.0" encoding="UTF-8"?>
<!-- Generated by org.testng.reporters.JUnitReportReporter -->
<testsuite hostname="DESKTOP-SK6KN3T" failures="0" tests="1" name="testclasses.AmazonSigninTest" time="6.698" errors="0" timestamp="2023-10-20T13:46:18 IST" skipped="0">
  <testcase classname="testclasses.AmazonSigninTest" name="signin" time="6.698"/>
  <system-out/>
</testsuite> <!-- testclasses.AmazonSigninTest -->
