<?xml version="1.0" encoding="UTF-8"?>
<!-- Generated by org.testng.reporters.JUnitReportReporter -->
<testsuite hostname="hp" failures="0" tests="1" name="testclasses.AmazonSigninTest" time="8.329" errors="0" timestamp="2023-10-19T14:36:30 IST" skipped="0">
  <testcase classname="testclasses.AmazonSigninTest" name="signin" time="8.329"/>
  <system-out/>
</testsuite> <!-- testclasses.AmazonSigninTest -->
